<?xml version="1.0" encoding="UTF-8"?>
<!-- Generated by org.testng.reporters.JUnitReportReporter -->
<testsuite hostname="DESKTOP-FJU17SP" failures="0" tests="1" name="test.R1" time="0.013" errors="0" timestamp="2022-06-22T20:47:48 IST" skipped="0">
  <testcase classname="test.R1" name="testCase2" time="0.013"/>
  <system-out/>
</testsuite> <!-- test.R1 -->
