<?xml version="1.0" encoding="UTF-8"?>
<!-- Generated by org.testng.reporters.JUnitReportReporter -->
<testsuite hostname="DESKTOP-FJU17SP" failures="0" tests="3" name="test.R8" time="0.019" errors="0" timestamp="2022-06-17T16:16:41 IST" skipped="0">
  <testcase classname="test.R8" name="strawberry" time="0.002"/>
  <system-out/>
  <testcase classname="test.R8" name="banana" time="0.012"/>
  <system-out/>
  <testcase classname="test.R8" name="guava" time="0.005"/>
  <system-out/>
</testsuite> <!-- test.R8 -->
