<?xml version="1.0" encoding="UTF-8"?>
<!-- Generated by org.testng.reporters.JUnitReportReporter -->
<testsuite hostname="DESKTOP-FJU17SP" failures="0" tests="1" name="test.R2" time="0.002" errors="0" timestamp="2022-06-22T20:47:48 IST" skipped="0">
  <testcase classname="test.R2" name="testCase4" time="0.002"/>
  <system-out/>
</testsuite> <!-- test.R2 -->
