<?xml version="1.0" encoding="UTF-8"?>
<!-- Generated by org.testng.reporters.JUnitReportReporter -->
<testsuite hostname="DESKTOP-FJU17SP" failures="0" tests="1" name="test.R7" time="0.009" errors="0" timestamp="2022-06-17T16:12:40 IST" skipped="0">
  <testcase classname="test.R7" name="test" time="0.009"/>
  <system-out/>
</testsuite> <!-- test.R7 -->
