<?xml version="1.0" encoding="UTF-8"?>
<!-- Generated by org.testng.reporters.JUnitReportReporter -->
<testsuite hostname="DESKTOP-FJU17SP" failures="0" tests="3" name="test.R11" time="0.014" errors="0" timestamp="2022-06-17T16:18:54 IST" skipped="0">
  <testcase classname="test.R11" name="login" time="0.009"/>
  <system-out/>
  <testcase classname="test.R11" name="login" time="0.001"/>
  <system-out/>
  <testcase classname="test.R11" name="login" time="0.004"/>
  <system-out/>
</testsuite> <!-- test.R11 -->
