<?xml version="1.0" encoding="UTF-8"?>
<!-- Generated by org.testng.reporters.JUnitReportReporter -->
<testsuite hostname="DESKTOP-FJU17SP" failures="0" tests="5" name="test.R9" time="0.006" errors="0" timestamp="2022-06-17T10:45:08 IST" skipped="0">
  <testcase classname="test.R9" name="pineapple" time="0.002"/>
  <system-out/>
  <testcase classname="test.R9" name="banana" time="0.002"/>
  <system-out/>
  <testcase classname="test.R9" name="cherry" time="0.000"/>
  <system-out/>
  <testcase classname="test.R9" name="apple" time="0.001"/>
  <system-out/>
  <testcase classname="test.R9" name="mango" time="0.001"/>
  <system-out/>
</testsuite> <!-- test.R9 -->
